<?xml version="1.0" encoding="UTF-8"?>
<!-- Generated by org.testng.reporters.JUnitReportReporter -->
<testsuite skipped="0" hostname="DESKTOP-QSLLPBF" name="com.qa.CRMTest" tests="2" failures="0" timestamp="13 Jun 2021 16:36:28 GMT" time="57.635" errors="0">
  <testcase name="loginCRM" time="28.147" classname="com.qa.CRMTest"/>
  <testcase name="clickOnContacts" time="29.488" classname="com.qa.CRMTest"/>
</testsuite> <!-- com.qa.CRMTest -->
